<?xml version="1.0" encoding="UTF-8"?>
<testsuite name="test_open_door_tests.TestAccessManager-20210507170859" tests="5" file="test_open_door_tests.py" time="0.019" timestamp="2021-05-07T17:09:00" failures="0" errors="0" skipped="0">
	<testcase classname="test_open_door_tests.TestAccessManager" name="test_open_door_bad_key_is_expired" time="0.012" timestamp="2021-05-07T17:09:00"/>
	<testcase classname="test_open_door_tests.TestAccessManager" name="test_open_door_bad_key_is_not_found" time="0.002" timestamp="2021-05-07T17:09:00"/>
	<testcase classname="test_open_door_tests.TestAccessManager" name="test_open_door_bad_key_regex" time="0.001" timestamp="2021-05-07T17:09:00"/>
	<testcase classname="test_open_door_tests.TestAccessManager" name="test_open_door_good" time="0.002" timestamp="2021-05-07T17:09:00"/>
	<testcase classname="test_open_door_tests.TestAccessManager" name="test_open_door_resident" time="0.002" timestamp="2021-05-07T17:09:00"/>
</testsuite>
