<?xml version="1.0" encoding="UTF-8"?>
<testsuite name="test_get_access_key_tests.MyTestCase-20210417162204" tests="54" file="test_get_access_key_tests.py" time="0.093" timestamp="2021-04-17T16:22:05" failures="0" errors="0" skipped="0">
	<testcase classname="test_get_access_key_tests.MyTestCase" name="test_get_access_key_good1" time="0.006" timestamp="2021-04-17T16:22:04"/>
	<testcase classname="test_get_access_key_tests.MyTestCase" name="test_get_access_key_good2" time="0.003" timestamp="2021-04-17T16:22:04"/>
	<testcase classname="test_get_access_key_tests.MyTestCase" name="test_invalido_borrado_n12" time="0.002" timestamp="2021-04-17T16:22:04"/>
	<testcase classname="test_get_access_key_tests.MyTestCase" name="test_invalido_borrado_n15" time="0.003" timestamp="2021-04-17T16:22:04"/>
	<testcase classname="test_get_access_key_tests.MyTestCase" name="test_invalido_borrado_n17" time="0.001" timestamp="2021-04-17T16:22:05"/>
	<testcase classname="test_get_access_key_tests.MyTestCase" name="test_invalido_borrado_n19" time="0.003" timestamp="2021-04-17T16:22:05"/>
	<testcase classname="test_get_access_key_tests.MyTestCase" name="test_invalido_borrado_n21" time="0.001" timestamp="2021-04-17T16:22:05"/>
	<testcase classname="test_get_access_key_tests.MyTestCase" name="test_invalido_borrado_n23" time="0.002" timestamp="2021-04-17T16:22:05"/>
	<testcase classname="test_get_access_key_tests.MyTestCase" name="test_invalido_borrado_n25" time="0.002" timestamp="2021-04-17T16:22:05"/>
	<testcase classname="test_get_access_key_tests.MyTestCase" name="test_invalido_borrado_n27" time="0.002" timestamp="2021-04-17T16:22:05"/>
	<testcase classname="test_get_access_key_tests.MyTestCase" name="test_invalido_borrado_n29" time="0.003" timestamp="2021-04-17T16:22:05"/>
	<testcase classname="test_get_access_key_tests.MyTestCase" name="test_invalido_borrado_n3" time="0.001" timestamp="2021-04-17T16:22:05"/>
	<testcase classname="test_get_access_key_tests.MyTestCase" name="test_invalido_borrado_n31" time="0.001" timestamp="2021-04-17T16:22:05"/>
	<testcase classname="test_get_access_key_tests.MyTestCase" name="test_invalido_borrado_n33" time="0.002" timestamp="2021-04-17T16:22:05"/>
	<testcase classname="test_get_access_key_tests.MyTestCase" name="test_invalido_borrado_n35" time="0.002" timestamp="2021-04-17T16:22:05"/>
	<testcase classname="test_get_access_key_tests.MyTestCase" name="test_invalido_borrado_n37" time="0.001" timestamp="2021-04-17T16:22:05"/>
	<testcase classname="test_get_access_key_tests.MyTestCase" name="test_invalido_borrado_n39" time="0.001" timestamp="2021-04-17T16:22:05"/>
	<testcase classname="test_get_access_key_tests.MyTestCase" name="test_invalido_borrado_n41" time="0.001" timestamp="2021-04-17T16:22:05"/>
	<testcase classname="test_get_access_key_tests.MyTestCase" name="test_invalido_borrado_n44" time="0.002" timestamp="2021-04-17T16:22:05"/>
	<testcase classname="test_get_access_key_tests.MyTestCase" name="test_invalido_borrado_n47" time="0.002" timestamp="2021-04-17T16:22:05"/>
	<testcase classname="test_get_access_key_tests.MyTestCase" name="test_invalido_borrado_n50" time="0.001" timestamp="2021-04-17T16:22:05"/>
	<testcase classname="test_get_access_key_tests.MyTestCase" name="test_invalido_borrado_n6" time="0.001" timestamp="2021-04-17T16:22:05"/>
	<testcase classname="test_get_access_key_tests.MyTestCase" name="test_invalido_borrado_n9" time="0.001" timestamp="2021-04-17T16:22:05"/>
	<testcase classname="test_get_access_key_tests.MyTestCase" name="test_invalido_duplicado_n11" time="0.001" timestamp="2021-04-17T16:22:05"/>
	<testcase classname="test_get_access_key_tests.MyTestCase" name="test_invalido_duplicado_n14" time="0.002" timestamp="2021-04-17T16:22:05"/>
	<testcase classname="test_get_access_key_tests.MyTestCase" name="test_invalido_duplicado_n2" time="0.001" timestamp="2021-04-17T16:22:05"/>
	<testcase classname="test_get_access_key_tests.MyTestCase" name="test_invalido_duplicado_n43" time="0.002" timestamp="2021-04-17T16:22:05"/>
	<testcase classname="test_get_access_key_tests.MyTestCase" name="test_invalido_duplicado_n46" time="0.001" timestamp="2021-04-17T16:22:05"/>
	<testcase classname="test_get_access_key_tests.MyTestCase" name="test_invalido_duplicado_n49" time="0.002" timestamp="2021-04-17T16:22:05"/>
	<testcase classname="test_get_access_key_tests.MyTestCase" name="test_invalido_duplicado_n5" time="0.003" timestamp="2021-04-17T16:22:05"/>
	<testcase classname="test_get_access_key_tests.MyTestCase" name="test_invalido_duplicado_n52" time="0.002" timestamp="2021-04-17T16:22:05"/>
	<testcase classname="test_get_access_key_tests.MyTestCase" name="test_invalido_duplicado_n8" time="0.002" timestamp="2021-04-17T16:22:05"/>
	<testcase classname="test_get_access_key_tests.MyTestCase" name="test_invalido_modifica_n10" time="0.002" timestamp="2021-04-17T16:22:05"/>
	<testcase classname="test_get_access_key_tests.MyTestCase" name="test_invalido_modifica_n13" time="0.002" timestamp="2021-04-17T16:22:05"/>
	<testcase classname="test_get_access_key_tests.MyTestCase" name="test_invalido_modifica_n16" time="0.002" timestamp="2021-04-17T16:22:05"/>
	<testcase classname="test_get_access_key_tests.MyTestCase" name="test_invalido_modifica_n18" time="0.001" timestamp="2021-04-17T16:22:05"/>
	<testcase classname="test_get_access_key_tests.MyTestCase" name="test_invalido_modifica_n20" time="0.002" timestamp="2021-04-17T16:22:05"/>
	<testcase classname="test_get_access_key_tests.MyTestCase" name="test_invalido_modifica_n22" time="0.001" timestamp="2021-04-17T16:22:05"/>
	<testcase classname="test_get_access_key_tests.MyTestCase" name="test_invalido_modifica_n24" time="0.001" timestamp="2021-04-17T16:22:05"/>
	<testcase classname="test_get_access_key_tests.MyTestCase" name="test_invalido_modifica_n26" time="0.001" timestamp="2021-04-17T16:22:05"/>
	<testcase classname="test_get_access_key_tests.MyTestCase" name="test_invalido_modifica_n28" time="0.001" timestamp="2021-04-17T16:22:05"/>
	<testcase classname="test_get_access_key_tests.MyTestCase" name="test_invalido_modifica_n30" time="0.001" timestamp="2021-04-17T16:22:05"/>
	<testcase classname="test_get_access_key_tests.MyTestCase" name="test_invalido_modifica_n32" time="0.001" timestamp="2021-04-17T16:22:05"/>
	<testcase classname="test_get_access_key_tests.MyTestCase" name="test_invalido_modifica_n34" time="0.002" timestamp="2021-04-17T16:22:05"/>
	<testcase classname="test_get_access_key_tests.MyTestCase" name="test_invalido_modifica_n36" time="0.002" timestamp="2021-04-17T16:22:05"/>
	<testcase classname="test_get_access_key_tests.MyTestCase" name="test_invalido_modifica_n38" time="0.001" timestamp="2021-04-17T16:22:05"/>
	<testcase classname="test_get_access_key_tests.MyTestCase" name="test_invalido_modifica_n4" time="0.001" timestamp="2021-04-17T16:22:05"/>
	<testcase classname="test_get_access_key_tests.MyTestCase" name="test_invalido_modifica_n40" time="0.001" timestamp="2021-04-17T16:22:05"/>
	<testcase classname="test_get_access_key_tests.MyTestCase" name="test_invalido_modifica_n42" time="0.002" timestamp="2021-04-17T16:22:05"/>
	<testcase classname="test_get_access_key_tests.MyTestCase" name="test_invalido_modifica_n45" time="0.001" timestamp="2021-04-17T16:22:05"/>
	<testcase classname="test_get_access_key_tests.MyTestCase" name="test_invalido_modifica_n48" time="0.004" timestamp="2021-04-17T16:22:05"/>
	<testcase classname="test_get_access_key_tests.MyTestCase" name="test_invalido_modifica_n51" time="0.002" timestamp="2021-04-17T16:22:05"/>
	<testcase classname="test_get_access_key_tests.MyTestCase" name="test_invalido_modifica_n53" time="0.001" timestamp="2021-04-17T16:22:05"/>
	<testcase classname="test_get_access_key_tests.MyTestCase" name="test_invalido_modifica_n7" time="0.001" timestamp="2021-04-17T16:22:05"/>
</testsuite>
